<?xml version="1.0" encoding="UTF-8"?>
<testsuite xmlns:xsi="http://www.w3.org/2001/XMLSchema-instance" xsi:schemaLocation="https://maven.apache.org/surefire/maven-surefire-plugin/xsd/surefire-test-report.xsd" name="br.com.aprendaSeleniumComThiago.test.TestSimpleBasicForm" time="15.788" tests="5" errors="0" skipped="0" failures="1">
  <properties>
[...]
</properties>
  <testcase name="realizarSomaTestDois" classname="br.com.aprendaSeleniumComThiago.test.TestSimpleBasicForm" time="15.788">
    <failure message="Soma não retornou valor correto" type="java.lang.AssertionError">java.lang.AssertionError: Soma não retornou valor correto
	at br.com.aprendaSeleniumComThiago.test.TestSimpleBasicForm.realizarSomaTestDois(TestSimpleBasicForm.java:63)
</failure>
    <system-err><![CDATA[jul 26, 2018 9:41:47 PM org.openqa.selenium.remote.DesiredCapabilities chrome
INFORMAÇÕES: Using `new ChromeOptions()` is preferred to `DesiredCapabilities.chrome()`
jul 26, 2018 9:41:50 PM org.openqa.selenium.remote.ProtocolHandshake createSession
INFORMAÇÕES: Detected dialect: OSS
]]></system-err>
  </testcase>
  <testcase name="realizarSomaTest" classname="br.com.aprendaSeleniumComThiago.test.TestSimpleBasicForm" time="15.524"/>
  <testcase name="realizarSomaTestUm" classname="br.com.aprendaSeleniumComThiago.test.TestSimpleBasicForm" time="15.094"/>
  <testcase name="realizarPrimeiroTest" classname="br.com.aprendaSeleniumComThiago.test.TestSimpleBasicForm" time="15.117"/>
  <testcase name="realizarSomaTestTres" classname="br.com.aprendaSeleniumComThiago.test.TestSimpleBasicForm" time="15.615"/>
</testsuite>